<?xml version="1.0" encoding="UTF-8"?>
<!-- Generated by org.testng.reporters.JUnitReportReporter -->
<testsuite skipped="0" hostname="LAPTOP-AMQR2RJD" name="org.tcs.Testng" tests="4" failures="0" timestamp="2023-08-01T10:06:02 IST" time="0.011" errors="0">
  <testcase name="login" time="0.007" classname="org.tcs.Testng"/>
  <system-out/>
  <testcase name="bookingHotel" time="0.001" classname="org.tcs.Testng"/>
  <system-out/>
  <testcase name="searchhotel" time="0.002" classname="org.tcs.Testng"/>
  <system-out/>
  <testcase name="selecthotel" time="0.001" classname="org.tcs.Testng"/>
  <system-out/>
</testsuite> <!-- org.tcs.Testng -->
